<?xml version="1.0" encoding="utf-8"?>
<TestRun id="e27be4be-ec63-4365-ba47-accc509d2809" name="ankushsharma@SIT-FJPBL13 2024-08-13 18:25:12" runUser="SIT-FJPBL13\ankushsharma" xmlns="http://microsoft.com/schemas/VisualStudio/TeamTest/2010">
  <Times creation="2024-08-13T18:25:12.2010505+02:00" queuing="2024-08-13T18:25:12.2010506+02:00" start="2024-08-13T18:25:10.8656056+02:00" finish="2024-08-13T18:25:12.2127997+02:00" />
  <TestSettings name="default" id="6a8ec07d-c6b3-4410-911e-533ac1559613">
    <Deployment runDeploymentRoot="ankushsharma_SIT-FJPBL13_2024-08-13_18_25_12" />
  </TestSettings>
  <Results>
    <UnitTestResult executionId="9f3a4d89-8e82-4511-bbb3-a4b4e5f54728" testId="c54db360-bebf-e797-02f5-d0d7e389911d" testName="ApplyToTheMiaPrepOHSAndRegistering" computerName="SIT-FJPBL13" duration="00:00:00.1224200" startTime="2024-08-13T18:25:11.8340636+02:00" endTime="2024-08-13T18:25:11.9564839+02:00" testType="13cdc9d9-ddb5-4fa4-a97d-d965ccfc6d4b" outcome="Failed" testListId="8c84fa94-04c1-424b-9868-57a2d4851a1d" relativeResultsDirectory="9f3a4d89-8e82-4511-bbb3-a4b4e5f54728">
      <Output>
        <ErrorInfo>
          <Message>OneTimeSetUp: System.ArgumentNullException : Value cannot be null. (Parameter 'assemblyName')</Message>
        </ErrorInfo>
      </Output>
    </UnitTestResult>
  </Results>
  <TestDefinitions>
    <UnitTest name="ApplyToTheMiaPrepOHSAndRegistering" storage="c:\users\ankushsharma\miaplazaautomation\bin\debug\net8.0\miaplaza.dll" id="c54db360-bebf-e797-02f5-d0d7e389911d">
      <Execution id="9f3a4d89-8e82-4511-bbb3-a4b4e5f54728" />
      <TestMethod codeBase="C:\Users\ankushsharma\MiaplazaAutomation\bin\Debug\net8.0\Miaplaza.dll" adapterTypeName="executor://nunit3testexecutor/" className="Miaplaza.Features.ApplyToOnlineHighSchoolFeature" name="ApplyToTheMiaPrepOHSAndRegistering" />
    </UnitTest>
  </TestDefinitions>
  <TestEntries>
    <TestEntry testId="c54db360-bebf-e797-02f5-d0d7e389911d" executionId="9f3a4d89-8e82-4511-bbb3-a4b4e5f54728" testListId="8c84fa94-04c1-424b-9868-57a2d4851a1d" />
  </TestEntries>
  <TestLists>
    <TestList name="Results Not in a List" id="8c84fa94-04c1-424b-9868-57a2d4851a1d" />
    <TestList name="All Loaded Results" id="19431567-8539-422a-85d7-44ee4e166bda" />
  </TestLists>
  <ResultSummary outcome="Failed">
    <Counters total="1" executed="1" passed="0" failed="1" error="0" timeout="0" aborted="0" inconclusive="0" passedButRunAborted="0" notRunnable="0" notExecuted="0" disconnected="0" warning="0" completed="0" inProgress="0" pending="0" />
    <Output>
      <StdOut>NUnit Adapter 3.17.0.0: Test execution started&#xD;
Running all tests in C:\Users\ankushsharma\MiaplazaAutomation\bin\Debug\net8.0\Miaplaza.dll&#xD;
   NUnit3TestExecutor discovered 1 of 1 NUnit test cases&#xD;
NUnit Adapter 3.17.0.0: Test execution complete&#xD;
</StdOut>
    </Output>
    <RunInfos>
      <RunInfo computerName="SIT-FJPBL13" outcome="Warning" timestamp="2024-08-13T18:25:12.0162649+02:00">
        <Text>Setup failed for test fixture Miaplaza_NUnitAssemblyHooks</Text>
      </RunInfo>
      <RunInfo computerName="SIT-FJPBL13" outcome="Warning" timestamp="2024-08-13T18:25:12.0171761+02:00">
        <Text>System.ArgumentNullException : Value cannot be null. (Parameter 'assemblyName')</Text>
      </RunInfo>
    </RunInfos>
  </ResultSummary>
</TestRun>