<?xml version="1.0" encoding="utf-8"?>
<TestRun id="42ed6454-ff42-483d-86b6-c1d3514f5e0c" name="ankushsharma@SIT-FJPBL13 2024-08-14 00:42:08" runUser="SIT-FJPBL13\ankushsharma" xmlns="http://microsoft.com/schemas/VisualStudio/TeamTest/2010">
  <Times creation="2024-08-14T00:42:08.5374311+02:00" queuing="2024-08-14T00:42:08.5374327+02:00" start="2024-08-14T00:41:43.1662448+02:00" finish="2024-08-14T00:42:12.8787311+02:00" />
  <TestSettings name="default" id="cab13b86-d83c-4c2d-acc8-74c6f514a957">
    <Deployment runDeploymentRoot="ankushsharma_SIT-FJPBL13_2024-08-14_00_42_08" />
  </TestSettings>
  <Results>
    <UnitTestResult executionId="caefa460-1df3-469c-a315-1143eda2772d" testId="018806d8-2e21-042f-fbfc-be3fdc1d2fd7" testName="NavigateThroughTheInitialApplicationProcess" computerName="SIT-FJPBL13" duration="00:00:02.1073200" startTime="2024-08-14T00:42:07.7990742+02:00" endTime="2024-08-14T00:42:09.9064003+02:00" testType="13cdc9d9-ddb5-4fa4-a97d-d965ccfc6d4b" outcome="NotExecuted" testListId="8c84fa94-04c1-424b-9868-57a2d4851a1d" relativeResultsDirectory="caefa460-1df3-469c-a315-1143eda2772d">
      <Output>
        <StdOut>Given I am on the MiaPrep Homepage&#xD;
-&gt; done: MohsApplicationPageStepDefinition.GivenIamontheMiaPrepHomepage() (0.3s)&#xD;
When I click on the Apply Now button&#xD;
-&gt; pending: MohsApplicationPageStepDefinition.WhenIclickonthebutton()&#xD;
Then the application form should be displayed&#xD;
-&gt; skipped because of previous errors&#xD;
When I click on Next on the initial form&#xD;
-&gt; skipped because of previous errors&#xD;
Then I should be on the Parent Information Page&#xD;
-&gt; skipped because of previous errors&#xD;
When I complete the parent information and click Next&#xD;
-&gt; skipped because of previous errors&#xD;
Then I should be on the Student Information Page&#xD;
-&gt; skipped because of previous errors&#xD;
&#xD;
One or more step definitions are not implemented yet.&#xD;
  MohsApplicationPageStepDefinition.WhenIclickonthebutton()</StdOut>
        <ErrorInfo>
          <Message>One or more step definitions are not implemented yet.&#xD;
  MohsApplicationPageStepDefinition.WhenIclickonthebutton()</Message>
        </ErrorInfo>
      </Output>
    </UnitTestResult>
    <UnitTestResult executionId="1894bd1b-b124-4160-ab1d-f9da3623954d" testId="c54db360-bebf-e797-02f5-d0d7e389911d" testName="ApplyToTheMiaPrepOHSAndRegistering" computerName="SIT-FJPBL13" duration="00:00:17.7309069" startTime="2024-08-14T00:41:49.8130169+02:00" endTime="2024-08-14T00:42:07.5429487+02:00" testType="13cdc9d9-ddb5-4fa4-a97d-d965ccfc6d4b" outcome="Passed" testListId="8c84fa94-04c1-424b-9868-57a2d4851a1d" relativeResultsDirectory="1894bd1b-b124-4160-ab1d-f9da3623954d">
      <Output>
        <StdOut>Given I am on the MiaAcademy Home page&#xD;
-&gt; done: HomepageStepDefinition.GivenIamontheMiaAcademyHomepage() (7.0s)&#xD;
When I Click on the banner for OHS&#xD;
-&gt; done: HomepageStepDefinition.WhenIClickonthebannerforOHS() (9.5s)&#xD;
Then I land on the MiaPrep Homepage&#xD;
-&gt; done: HomepageStepDefinition.ThenIlandontheMiaPrepHomepage() (0.4s)</StdOut>
      </Output>
    </UnitTestResult>
  </Results>
  <TestDefinitions>
    <UnitTest name="NavigateThroughTheInitialApplicationProcess" storage="c:\users\ankushsharma\miaplazaautomation\bin\debug\net8.0\miaplaza.dll" id="018806d8-2e21-042f-fbfc-be3fdc1d2fd7">
      <Execution id="caefa460-1df3-469c-a315-1143eda2772d" />
      <TestMethod codeBase="C:\Users\ankushsharma\MiaplazaAutomation\bin\Debug\net8.0\Miaplaza.dll" adapterTypeName="executor://nunit3testexecutor/" className="Miaplaza.Features.CompleteTheMOHSApplicationFeature" name="NavigateThroughTheInitialApplicationProcess" />
    </UnitTest>
    <UnitTest name="ApplyToTheMiaPrepOHSAndRegistering" storage="c:\users\ankushsharma\miaplazaautomation\bin\debug\net8.0\miaplaza.dll" id="c54db360-bebf-e797-02f5-d0d7e389911d">
      <Execution id="1894bd1b-b124-4160-ab1d-f9da3623954d" />
      <TestMethod codeBase="C:\Users\ankushsharma\MiaplazaAutomation\bin\Debug\net8.0\Miaplaza.dll" adapterTypeName="executor://nunit3testexecutor/" className="Miaplaza.Features.ApplyToOnlineHighSchoolFeature" name="ApplyToTheMiaPrepOHSAndRegistering" />
    </UnitTest>
  </TestDefinitions>
  <TestEntries>
    <TestEntry testId="018806d8-2e21-042f-fbfc-be3fdc1d2fd7" executionId="caefa460-1df3-469c-a315-1143eda2772d" testListId="8c84fa94-04c1-424b-9868-57a2d4851a1d" />
    <TestEntry testId="c54db360-bebf-e797-02f5-d0d7e389911d" executionId="1894bd1b-b124-4160-ab1d-f9da3623954d" testListId="8c84fa94-04c1-424b-9868-57a2d4851a1d" />
  </TestEntries>
  <TestLists>
    <TestList name="Results Not in a List" id="8c84fa94-04c1-424b-9868-57a2d4851a1d" />
    <TestList name="All Loaded Results" id="19431567-8539-422a-85d7-44ee4e166bda" />
  </TestLists>
  <ResultSummary outcome="Completed">
    <Counters total="2" executed="1" passed="1" failed="0" error="0" timeout="0" aborted="0" inconclusive="0" passedButRunAborted="0" notRunnable="0" notExecuted="0" disconnected="0" warning="0" completed="0" inProgress="0" pending="0" />
    <Output>
      <StdOut>NUnit Adapter 3.17.0.0: Test execution started&#xD;
Running all tests in C:\Users\ankushsharma\MiaplazaAutomation\bin\Debug\net8.0\Miaplaza.dll&#xD;
   NUnit3TestExecutor discovered 2 of 2 NUnit test cases&#xD;
Given I am on the MiaAcademy Home page&#xD;
-&gt; done: HomepageStepDefinition.GivenIamontheMiaAcademyHomepage() (7.0s)&#xD;
When I Click on the banner for OHS&#xD;
-&gt; done: HomepageStepDefinition.WhenIClickonthebannerforOHS() (9.5s)&#xD;
Then I land on the MiaPrep Homepage&#xD;
-&gt; done: HomepageStepDefinition.ThenIlandontheMiaPrepHomepage() (0.4s)&#xD;
&#xD;
Given I am on the MiaPrep Homepage&#xD;
-&gt; done: MohsApplicationPageStepDefinition.GivenIamontheMiaPrepHomepage() (0.3s)&#xD;
When I click on the Apply Now button&#xD;
-&gt; pending: MohsApplicationPageStepDefinition.WhenIclickonthebutton()&#xD;
Then the application form should be displayed&#xD;
-&gt; skipped because of previous errors&#xD;
When I click on Next on the initial form&#xD;
-&gt; skipped because of previous errors&#xD;
Then I should be on the Parent Information Page&#xD;
-&gt; skipped because of previous errors&#xD;
When I complete the parent information and click Next&#xD;
-&gt; skipped because of previous errors&#xD;
Then I should be on the Student Information Page&#xD;
-&gt; skipped because of previous errors&#xD;
&#xD;
NavigateThroughTheInitialApplicationProcess: One or more step definitions are not implemented yet.&#xD;
  MohsApplicationPageStepDefinition.WhenIclickonthebutton()&#xD;
NUnit Adapter 3.17.0.0: Test execution complete&#xD;
</StdOut>
    </Output>
  </ResultSummary>
</TestRun>