<?xml version="1.0" encoding="utf-8"?>
<TestRun id="e9357b4f-2f76-48c5-8a75-70fb7e0ed70c" name="ankushsharma@SIT-FJPBL13 2024-08-14 03:44:56" runUser="SIT-FJPBL13\ankushsharma" xmlns="http://microsoft.com/schemas/VisualStudio/TeamTest/2010">
  <Times creation="2024-08-14T03:44:56.2862676+02:00" queuing="2024-08-14T03:44:56.2862692+02:00" start="2024-08-14T03:44:29.9017701+02:00" finish="2024-08-14T03:45:00.3801136+02:00" />
  <TestSettings name="default" id="3dec8239-89d6-408c-a386-8ef4ab1aa2d9">
    <Deployment runDeploymentRoot="ankushsharma_SIT-FJPBL13_2024-08-14_03_44_56" />
  </TestSettings>
  <Results>
    <UnitTestResult executionId="2dfdcb90-ccc8-434a-9104-2f246cfaacae" testId="c54db360-bebf-e797-02f5-d0d7e389911d" testName="ApplyToTheMiaPrepOHSAndRegistering" computerName="SIT-FJPBL13" duration="00:00:10.1788830" startTime="2024-08-14T03:44:45.2263749+02:00" endTime="2024-08-14T03:44:55.4041144+02:00" testType="13cdc9d9-ddb5-4fa4-a97d-d965ccfc6d4b" outcome="Failed" testListId="8c84fa94-04c1-424b-9868-57a2d4851a1d" relativeResultsDirectory="2dfdcb90-ccc8-434a-9104-2f246cfaacae">
      <Output>
        <StdOut>Given I am on the MiaAcademy Home page&#xD;
-&gt; done: HomepageStepDefinition.GivenIamontheMiaAcademyHomepage() (4.9s)&#xD;
When I Click on the banner for OHS&#xD;
-&gt; error: target frame detached: received Inspector.detached event&#xD;
  (failed to check if window was closed: disconnected: Unable to receive message from renderer)&#xD;
  (Session info: chrome=127.0.6533.72) (4.5s)&#xD;
Then I land on the MiaPrep Homepage&#xD;
-&gt; skipped because of previous errors</StdOut>
        <ErrorInfo>
          <Message>OpenQA.Selenium.WebDriverException : target frame detached: received Inspector.detached event&#xD;
  (failed to check if window was closed: disconnected: Unable to receive message from renderer)&#xD;
  (Session info: chrome=127.0.6533.72)</Message>
          <StackTrace>   at OpenQA.Selenium.WebDriver.UnpackAndThrowOnError(Response errorResponse, String commandToExecute)&#xD;
   at OpenQA.Selenium.WebDriver.ExecuteAsync(String driverCommandToExecute, Dictionary`2 parameters)&#xD;
   at OpenQA.Selenium.WebDriver.InternalExecute(String driverCommandToExecute, Dictionary`2 parameters)&#xD;
   at OpenQA.Selenium.WebElement.Execute(String commandToExecute, Dictionary`2 parameters)&#xD;
   at OpenQA.Selenium.WebElement.Click()&#xD;
   at Miaplaza.Pages.HomePage.ClickOnMiaPrepLink() in C:\Users\ankushsharma\MiaplazaAutomation\Pages\HomePage.cs:line 51&#xD;
   at Miaplaza.StepDefinitions.HomepageStepDefinition.WhenIClickonthebannerforOHS() in C:\Users\ankushsharma\MiaplazaAutomation\Steps\HomePageStepDefinitions.cs:line 44&#xD;
   at InvokeStub_Action`1.Invoke(Object, Span`1)&#xD;
   at System.Reflection.MethodBaseInvoker.InvokeWithOneArg(Object obj, BindingFlags invokeAttr, Binder binder, Object[] parameters, CultureInfo culture)&#xD;
   at TechTalk.SpecFlow.Bindings.BindingInvoker.InvokeBinding(IBinding binding, IContextManager contextManager, Object[] arguments, ITestTracer testTracer, TimeSpan&amp; duration)&#xD;
   at TechTalk.SpecFlow.Infrastructure.TestExecutionEngine.ExecuteStepMatch(BindingMatch match, Object[] arguments, TimeSpan&amp; duration)&#xD;
   at TechTalk.SpecFlow.Infrastructure.TestExecutionEngine.ExecuteStep(IContextManager contextManager, StepInstance stepInstance)&#xD;
   at TechTalk.SpecFlow.Infrastructure.TestExecutionEngine.OnAfterLastStep()&#xD;
   at TechTalk.SpecFlow.TestRunner.CollectScenarioErrors()&#xD;
   at Miaplaza.Features.ApplyToOnlineHighSchoolFeature.ScenarioCleanup()&#xD;
   at Miaplaza.Features.ApplyToOnlineHighSchoolFeature.ApplyToTheMiaPrepOHSAndRegistering() in C:\Users\ankushsharma\MiaplazaAutomation\Features\HomePage.feature:line 8&#xD;
   at System.RuntimeMethodHandle.InvokeMethod(Object target, Void** arguments, Signature sig, Boolean isConstructor)&#xD;
   at System.Reflection.MethodBaseInvoker.InvokeWithNoArgs(Object obj, BindingFlags invokeAttr)</StackTrace>
        </ErrorInfo>
      </Output>
    </UnitTestResult>
    <UnitTestResult executionId="0074e827-c44b-45bc-a7bc-9f04b415f0d7" testId="018806d8-2e21-042f-fbfc-be3fdc1d2fd7" testName="NavigateThroughTheInitialApplicationProcess" computerName="SIT-FJPBL13" duration="00:00:00.2440050" startTime="2024-08-14T03:44:55.8420496+02:00" endTime="2024-08-14T03:44:56.0860601+02:00" testType="13cdc9d9-ddb5-4fa4-a97d-d965ccfc6d4b" outcome="Failed" testListId="8c84fa94-04c1-424b-9868-57a2d4851a1d" relativeResultsDirectory="0074e827-c44b-45bc-a7bc-9f04b415f0d7">
      <Output>
        <StdOut>Given I am on the MiaPrep Homepage&#xD;
-&gt; skipped because of previous errors&#xD;
When I click on the Apply Now button&#xD;
-&gt; skipped because of previous errors&#xD;
Then the application form should be displayed&#xD;
-&gt; skipped because of previous errors&#xD;
When I click on Next on the initial form&#xD;
-&gt; skipped because of previous errors&#xD;
Then I should be on the Parent Information Page&#xD;
-&gt; skipped because of previous errors&#xD;
When I complete the parent information and click Next&#xD;
-&gt; skipped because of previous errors&#xD;
Then I should be on the Student Information Page&#xD;
-&gt; skipped because of previous errors</StdOut>
        <ErrorInfo>
          <Message>OpenQA.Selenium.NoSuchWindowException : no such window: target window already closed&#xD;
from unknown error: web view not found&#xD;
  (Session info: chrome=127.0.6533.72)</Message>
          <StackTrace>   at OpenQA.Selenium.WebDriver.UnpackAndThrowOnError(Response errorResponse, String commandToExecute)&#xD;
   at OpenQA.Selenium.WebDriver.ExecuteAsync(String driverCommandToExecute, Dictionary`2 parameters)&#xD;
   at OpenQA.Selenium.WebDriver.InternalExecute(String driverCommandToExecute, Dictionary`2 parameters)&#xD;
   at OpenQA.Selenium.Window.Maximize()&#xD;
   at Miaplaza.Hooks.Hooks.BeforeScenario() in C:\Users\ankushsharma\MiaplazaAutomation\Hooks\Hook.cs:line 35&#xD;
   at InvokeStub_Action`1.Invoke(Object, Span`1)&#xD;
   at System.Reflection.MethodBaseInvoker.InvokeWithOneArg(Object obj, BindingFlags invokeAttr, Binder binder, Object[] parameters, CultureInfo culture)&#xD;
   at TechTalk.SpecFlow.Infrastructure.TestExecutionEngine.FireEvents(HookType hookType)&#xD;
   at TechTalk.SpecFlow.Infrastructure.TestExecutionEngine.FireScenarioEvents(HookType bindingEvent)&#xD;
   at TechTalk.SpecFlow.Infrastructure.TestExecutionEngine.OnScenarioStart()&#xD;
   at TechTalk.SpecFlow.Infrastructure.TestExecutionEngine.OnAfterLastStep()&#xD;
   at TechTalk.SpecFlow.TestRunner.CollectScenarioErrors()&#xD;
   at Miaplaza.Features.CompleteTheMOHSApplicationFeature.ScenarioCleanup()&#xD;
   at Miaplaza.Features.CompleteTheMOHSApplicationFeature.NavigateThroughTheInitialApplicationProcess() in C:\Users\ankushsharma\MiaplazaAutomation\Features\MohsApplicationPage.feature:line 16&#xD;
   at System.RuntimeMethodHandle.InvokeMethod(Object target, Void** arguments, Signature sig, Boolean isConstructor)&#xD;
   at System.Reflection.MethodBaseInvoker.InvokeWithNoArgs(Object obj, BindingFlags invokeAttr)</StackTrace>
        </ErrorInfo>
      </Output>
    </UnitTestResult>
  </Results>
  <TestDefinitions>
    <UnitTest name="NavigateThroughTheInitialApplicationProcess" storage="c:\users\ankushsharma\miaplazaautomation\bin\debug\net8.0\miaplaza.dll" id="018806d8-2e21-042f-fbfc-be3fdc1d2fd7">
      <Execution id="0074e827-c44b-45bc-a7bc-9f04b415f0d7" />
      <TestMethod codeBase="C:\Users\ankushsharma\MiaplazaAutomation\bin\Debug\net8.0\Miaplaza.dll" adapterTypeName="executor://nunit3testexecutor/" className="Miaplaza.Features.CompleteTheMOHSApplicationFeature" name="NavigateThroughTheInitialApplicationProcess" />
    </UnitTest>
    <UnitTest name="ApplyToTheMiaPrepOHSAndRegistering" storage="c:\users\ankushsharma\miaplazaautomation\bin\debug\net8.0\miaplaza.dll" id="c54db360-bebf-e797-02f5-d0d7e389911d">
      <Execution id="2dfdcb90-ccc8-434a-9104-2f246cfaacae" />
      <TestMethod codeBase="C:\Users\ankushsharma\MiaplazaAutomation\bin\Debug\net8.0\Miaplaza.dll" adapterTypeName="executor://nunit3testexecutor/" className="Miaplaza.Features.ApplyToOnlineHighSchoolFeature" name="ApplyToTheMiaPrepOHSAndRegistering" />
    </UnitTest>
  </TestDefinitions>
  <TestEntries>
    <TestEntry testId="c54db360-bebf-e797-02f5-d0d7e389911d" executionId="2dfdcb90-ccc8-434a-9104-2f246cfaacae" testListId="8c84fa94-04c1-424b-9868-57a2d4851a1d" />
    <TestEntry testId="018806d8-2e21-042f-fbfc-be3fdc1d2fd7" executionId="0074e827-c44b-45bc-a7bc-9f04b415f0d7" testListId="8c84fa94-04c1-424b-9868-57a2d4851a1d" />
  </TestEntries>
  <TestLists>
    <TestList name="Results Not in a List" id="8c84fa94-04c1-424b-9868-57a2d4851a1d" />
    <TestList name="All Loaded Results" id="19431567-8539-422a-85d7-44ee4e166bda" />
  </TestLists>
  <ResultSummary outcome="Failed">
    <Counters total="2" executed="2" passed="0" failed="2" error="0" timeout="0" aborted="0" inconclusive="0" passedButRunAborted="0" notRunnable="0" notExecuted="0" disconnected="0" warning="0" completed="0" inProgress="0" pending="0" />
    <Output>
      <StdOut>NUnit Adapter 3.17.0.0: Test execution started&#xD;
Running all tests in C:\Users\ankushsharma\MiaplazaAutomation\bin\Debug\net8.0\Miaplaza.dll&#xD;
   NUnit3TestExecutor discovered 2 of 2 NUnit test cases&#xD;
Given I am on the MiaAcademy Home page&#xD;
-&gt; done: HomepageStepDefinition.GivenIamontheMiaAcademyHomepage() (4.9s)&#xD;
When I Click on the banner for OHS&#xD;
-&gt; error: target frame detached: received Inspector.detached event&#xD;
  (failed to check if window was closed: disconnected: Unable to receive message from renderer)&#xD;
  (Session info: chrome=127.0.6533.72) (4.5s)&#xD;
Then I land on the MiaPrep Homepage&#xD;
-&gt; skipped because of previous errors&#xD;
&#xD;
Given I am on the MiaPrep Homepage&#xD;
-&gt; skipped because of previous errors&#xD;
When I click on the Apply Now button&#xD;
-&gt; skipped because of previous errors&#xD;
Then the application form should be displayed&#xD;
-&gt; skipped because of previous errors&#xD;
When I click on Next on the initial form&#xD;
-&gt; skipped because of previous errors&#xD;
Then I should be on the Parent Information Page&#xD;
-&gt; skipped because of previous errors&#xD;
When I complete the parent information and click Next&#xD;
-&gt; skipped because of previous errors&#xD;
Then I should be on the Student Information Page&#xD;
-&gt; skipped because of previous errors&#xD;
&#xD;
NUnit Adapter 3.17.0.0: Test execution complete&#xD;
</StdOut>
    </Output>
  </ResultSummary>
</TestRun>